<?xml version="1.0" encoding="UTF-8"?>
<coverage generated="1765385285372" clover="3.2.0">
  <project timestamp="1765385285372" name="All files">
    <metrics statements="197" coveredstatements="100" conditionals="100" coveredconditionals="57" methods="27" coveredmethods="10" elements="324" coveredelements="167" complexity="0" loc="197" ncloc="197" packages="1" files="1" classes="1"/>
    <file name="server.js" path="/Users/michael.schmitt/projects/vibing-dude/get-ollama-to-work/dashboard/server.js">
      <metrics statements="197" coveredstatements="100" conditionals="100" coveredconditionals="57" methods="27" coveredmethods="10"/>
      <line num="1" count="78" type="stmt"/>
      <line num="2" count="78" type="stmt"/>
      <line num="3" count="78" type="stmt"/>
      <line num="4" count="78" type="stmt"/>
      <line num="5" count="78" type="stmt"/>
      <line num="6" count="78" type="stmt"/>
      <line num="8" count="78" type="stmt"/>
      <line num="9" count="78" type="cond" truecount="2" falsecount="0"/>
      <line num="15" count="78" type="stmt"/>
      <line num="21" count="78" type="stmt"/>
      <line num="27" count="78" type="stmt"/>
      <line num="28" count="78" type="cond" truecount="1" falsecount="1"/>
      <line num="29" count="0" type="stmt"/>
      <line num="30" count="0" type="stmt"/>
      <line num="31" count="0" type="stmt"/>
      <line num="34" count="0" type="stmt"/>
      <line num="35" count="0" type="stmt"/>
      <line num="43" count="83" type="stmt"/>
      <line num="44" count="83" type="stmt"/>
      <line num="46" count="0" type="stmt"/>
      <line num="54" count="63" type="stmt"/>
      <line num="61" count="87" type="stmt"/>
      <line num="62" count="87" type="stmt"/>
      <line num="63" count="86" type="cond" truecount="4" falsecount="0"/>
      <line num="64" count="5" type="stmt"/>
      <line num="66" count="81" type="stmt"/>
      <line num="68" count="1" type="stmt"/>
      <line num="76" count="96" type="stmt"/>
      <line num="78" count="96" type="cond" truecount="5" falsecount="0"/>
      <line num="79" count="8" type="stmt"/>
      <line num="82" count="96" type="cond" truecount="5" falsecount="0"/>
      <line num="83" count="9" type="stmt"/>
      <line num="85" count="87" type="stmt"/>
      <line num="86" count="87" type="cond" truecount="2" falsecount="0"/>
      <line num="87" count="6" type="stmt"/>
      <line num="91" count="96" type="cond" truecount="4" falsecount="0"/>
      <line num="92" count="1" type="stmt"/>
      <line num="95" count="96" type="stmt"/>
      <line num="102" count="78" type="stmt"/>
      <line num="117" count="78" type="stmt"/>
      <line num="118" count="78" type="cond" truecount="1" falsecount="1"/>
      <line num="119" count="0" type="stmt"/>
      <line num="120" count="0" type="stmt"/>
      <line num="121" count="0" type="cond" truecount="0" falsecount="4"/>
      <line num="122" count="0" type="stmt"/>
      <line num="124" count="0" type="stmt"/>
      <line num="126" count="0" type="stmt"/>
      <line num="130" count="78" type="stmt"/>
      <line num="131" count="78" type="stmt"/>
      <line num="132" count="78" type="stmt"/>
      <line num="159" count="78" type="stmt"/>
      <line num="160" count="83" type="stmt"/>
      <line num="161" count="83" type="stmt"/>
      <line num="164" count="83" type="stmt"/>
      <line num="165" count="83" type="cond" truecount="2" falsecount="0"/>
      <line num="166" count="20" type="stmt"/>
      <line num="173" count="63" type="stmt"/>
      <line num="174" count="63" type="stmt"/>
      <line num="175" count="63" type="stmt"/>
      <line num="184" count="63" type="stmt"/>
      <line num="185" count="63" type="stmt"/>
      <line num="187" count="63" type="stmt"/>
      <line num="189" count="0" type="stmt"/>
      <line num="190" count="0" type="stmt"/>
      <line num="210" count="78" type="stmt"/>
      <line num="211" count="9" type="stmt"/>
      <line num="212" count="9" type="stmt"/>
      <line num="213" count="9" type="stmt"/>
      <line num="218" count="0" type="stmt"/>
      <line num="219" count="0" type="stmt"/>
      <line num="240" count="78" type="stmt"/>
      <line num="241" count="11" type="stmt"/>
      <line num="242" count="11" type="stmt"/>
      <line num="244" count="11" type="cond" truecount="2" falsecount="0"/>
      <line num="245" count="4" type="stmt"/>
      <line num="251" count="7" type="stmt"/>
      <line num="253" count="0" type="stmt"/>
      <line num="254" count="0" type="stmt"/>
      <line num="282" count="78" type="stmt"/>
      <line num="283" count="15" type="stmt"/>
      <line num="284" count="15" type="stmt"/>
      <line num="285" count="15" type="stmt"/>
      <line num="287" count="15" type="cond" truecount="2" falsecount="0"/>
      <line num="288" count="1" type="stmt"/>
      <line num="295" count="14" type="stmt"/>
      <line num="296" count="14" type="cond" truecount="2" falsecount="0"/>
      <line num="297" count="14" type="cond" truecount="2" falsecount="0"/>
      <line num="298" count="14" type="cond" truecount="2" falsecount="0"/>
      <line num="301" count="14" type="cond" truecount="2" falsecount="0"/>
      <line num="302" count="13" type="stmt"/>
      <line num="308" count="13" type="cond" truecount="2" falsecount="0"/>
      <line num="309" count="2" type="stmt"/>
      <line num="317" count="12" type="stmt"/>
      <line num="318" count="12" type="cond" truecount="2" falsecount="0"/>
      <line num="319" count="12" type="cond" truecount="2" falsecount="0"/>
      <line num="320" count="12" type="cond" truecount="2" falsecount="0"/>
      <line num="321" count="12" type="stmt"/>
      <line num="323" count="12" type="stmt"/>
      <line num="325" count="12" type="stmt"/>
      <line num="327" count="0" type="stmt"/>
      <line num="328" count="0" type="stmt"/>
      <line num="346" count="78" type="stmt"/>
      <line num="347" count="9" type="stmt"/>
      <line num="348" count="9" type="stmt"/>
      <line num="350" count="9" type="cond" truecount="2" falsecount="0"/>
      <line num="351" count="1" type="stmt"/>
      <line num="357" count="8" type="stmt"/>
      <line num="358" count="8" type="stmt"/>
      <line num="359" count="8" type="stmt"/>
      <line num="361" count="8" type="stmt"/>
      <line num="367" count="0" type="stmt"/>
      <line num="368" count="0" type="stmt"/>
      <line num="380" count="78" type="stmt"/>
      <line num="381" count="0" type="stmt"/>
      <line num="382" count="0" type="stmt"/>
      <line num="383" count="0" type="stmt"/>
      <line num="385" count="0" type="stmt"/>
      <line num="393" count="78" type="stmt"/>
      <line num="394" count="0" type="stmt"/>
      <line num="395" count="0" type="stmt"/>
      <line num="396" count="0" type="stmt"/>
      <line num="398" count="0" type="stmt"/>
      <line num="406" count="78" type="stmt"/>
      <line num="407" count="0" type="stmt"/>
      <line num="408" count="0" type="stmt"/>
      <line num="411" count="0" type="stmt"/>
      <line num="413" count="0" type="stmt"/>
      <line num="421" count="78" type="stmt"/>
      <line num="422" count="0" type="stmt"/>
      <line num="423" count="0" type="stmt"/>
      <line num="425" count="0" type="cond" truecount="0" falsecount="4"/>
      <line num="426" count="0" type="stmt"/>
      <line num="432" count="0" type="stmt"/>
      <line num="436" count="0" type="stmt"/>
      <line num="442" count="0" type="stmt"/>
      <line num="444" count="0" type="stmt"/>
      <line num="450" count="0" type="stmt"/>
      <line num="453" count="0" type="cond" truecount="0" falsecount="2"/>
      <line num="454" count="0" type="stmt"/>
      <line num="460" count="0" type="cond" truecount="0" falsecount="2"/>
      <line num="461" count="0" type="stmt"/>
      <line num="467" count="0" type="stmt"/>
      <line num="475" count="78" type="stmt"/>
      <line num="476" count="0" type="stmt"/>
      <line num="477" count="0" type="stmt"/>
      <line num="478" count="0" type="stmt"/>
      <line num="483" count="0" type="stmt"/>
      <line num="491" count="78" type="stmt"/>
      <line num="492" count="0" type="stmt"/>
      <line num="493" count="0" type="stmt"/>
      <line num="494" count="0" type="stmt"/>
      <line num="499" count="0" type="stmt"/>
      <line num="501" count="0" type="stmt"/>
      <line num="509" count="78" type="stmt"/>
      <line num="510" count="0" type="stmt"/>
      <line num="511" count="0" type="stmt"/>
      <line num="514" count="0" type="cond" truecount="0" falsecount="4"/>
      <line num="515" count="0" type="stmt"/>
      <line num="522" count="0" type="stmt"/>
      <line num="523" count="0" type="stmt"/>
      <line num="524" count="0" type="stmt"/>
      <line num="525" count="0" type="stmt"/>
      <line num="528" count="0" type="stmt"/>
      <line num="537" count="0" type="stmt"/>
      <line num="538" count="0" type="stmt"/>
      <line num="539" count="0" type="stmt"/>
      <line num="541" count="0" type="stmt"/>
      <line num="542" count="0" type="stmt"/>
      <line num="545" count="0" type="stmt"/>
      <line num="548" count="0" type="cond" truecount="0" falsecount="2"/>
      <line num="549" count="0" type="stmt"/>
      <line num="553" count="0" type="stmt"/>
      <line num="558" count="0" type="stmt"/>
      <line num="559" count="0" type="stmt"/>
      <line num="560" count="0" type="stmt"/>
      <line num="561" count="0" type="stmt"/>
      <line num="565" count="0" type="stmt"/>
      <line num="566" count="0" type="stmt"/>
      <line num="570" count="0" type="stmt"/>
      <line num="573" count="0" type="cond" truecount="0" falsecount="2"/>
      <line num="574" count="0" type="stmt"/>
      <line num="581" count="0" type="stmt"/>
      <line num="582" count="0" type="stmt"/>
      <line num="587" count="78" type="stmt"/>
      <line num="588" count="0" type="stmt"/>
      <line num="589" count="0" type="stmt"/>
      <line num="601" count="0" type="cond" truecount="0" falsecount="2"/>
      <line num="602" count="0" type="cond" truecount="0" falsecount="2"/>
      <line num="604" count="0" type="stmt"/>
      <line num="621" count="0" type="stmt"/>
      <line num="636" count="0" type="stmt"/>
      <line num="657" count="0" type="stmt"/>
      <line num="665" count="78" type="stmt"/>
      <line num="668" count="78" type="cond" truecount="1" falsecount="1"/>
      <line num="669" count="0" type="stmt"/>
      <line num="670" count="0" type="stmt"/>
      <line num="671" count="0" type="stmt"/>
    </file>
  </project>
</coverage>
