<?xml version="1.0" encoding="UTF-8"?>
<coverage generated="1765317689588" clover="3.2.0">
  <project timestamp="1765317689588" name="All files">
    <metrics statements="73" coveredstatements="44" conditionals="38" coveredconditionals="13" methods="12" coveredmethods="4" elements="123" coveredelements="61" complexity="0" loc="73" ncloc="73" packages="1" files="1" classes="1"/>
    <file name="server.js" path="/Users/michael.schmitt/projects/vibing-dude/get-ollama-to-work/dashboard/server.js">
      <metrics statements="73" coveredstatements="44" conditionals="38" coveredconditionals="13" methods="12" coveredmethods="4"/>
      <line num="1" count="1" type="stmt"/>
      <line num="2" count="1" type="stmt"/>
      <line num="3" count="1" type="stmt"/>
      <line num="4" count="1" type="stmt"/>
      <line num="5" count="1" type="stmt"/>
      <line num="7" count="1" type="stmt"/>
      <line num="8" count="1" type="cond" truecount="2" falsecount="0"/>
      <line num="23" count="1" type="stmt"/>
      <line num="24" count="1" type="cond" truecount="1" falsecount="1"/>
      <line num="25" count="0" type="stmt"/>
      <line num="26" count="0" type="stmt"/>
      <line num="27" count="0" type="cond" truecount="0" falsecount="4"/>
      <line num="28" count="0" type="stmt"/>
      <line num="30" count="0" type="stmt"/>
      <line num="32" count="0" type="stmt"/>
      <line num="36" count="1" type="stmt"/>
      <line num="37" count="1" type="stmt"/>
      <line num="38" count="1" type="stmt"/>
      <line num="41" count="1" type="stmt"/>
      <line num="42" count="1" type="stmt"/>
      <line num="43" count="1" type="stmt"/>
      <line num="44" count="1" type="stmt"/>
      <line num="46" count="0" type="stmt"/>
      <line num="54" count="1" type="stmt"/>
      <line num="55" count="1" type="stmt"/>
      <line num="56" count="1" type="stmt"/>
      <line num="57" count="1" type="stmt"/>
      <line num="59" count="0" type="stmt"/>
      <line num="67" count="1" type="stmt"/>
      <line num="68" count="0" type="stmt"/>
      <line num="69" count="0" type="stmt"/>
      <line num="72" count="0" type="stmt"/>
      <line num="74" count="0" type="stmt"/>
      <line num="82" count="1" type="stmt"/>
      <line num="83" count="43" type="stmt"/>
      <line num="84" count="43" type="stmt"/>
      <line num="86" count="43" type="cond" truecount="4" falsecount="0"/>
      <line num="87" count="2" type="stmt"/>
      <line num="93" count="41" type="stmt"/>
      <line num="97" count="41" type="stmt"/>
      <line num="103" count="31" type="stmt"/>
      <line num="105" count="31" type="stmt"/>
      <line num="111" count="10" type="stmt"/>
      <line num="114" count="10" type="cond" truecount="2" falsecount="0"/>
      <line num="115" count="4" type="stmt"/>
      <line num="121" count="6" type="cond" truecount="2" falsecount="0"/>
      <line num="122" count="2" type="stmt"/>
      <line num="128" count="4" type="stmt"/>
      <line num="136" count="1" type="stmt"/>
      <line num="137" count="1" type="stmt"/>
      <line num="138" count="1" type="stmt"/>
      <line num="139" count="1" type="stmt"/>
      <line num="144" count="0" type="stmt"/>
      <line num="152" count="1" type="stmt"/>
      <line num="153" count="0" type="stmt"/>
      <line num="154" count="0" type="stmt"/>
      <line num="155" count="0" type="stmt"/>
      <line num="160" count="0" type="stmt"/>
      <line num="162" count="0" type="stmt"/>
      <line num="170" count="1" type="stmt"/>
      <line num="171" count="0" type="stmt"/>
      <line num="172" count="0" type="stmt"/>
      <line num="184" count="0" type="cond" truecount="0" falsecount="2"/>
      <line num="185" count="0" type="cond" truecount="0" falsecount="2"/>
      <line num="187" count="0" type="stmt"/>
      <line num="204" count="0" type="stmt"/>
      <line num="219" count="0" type="stmt"/>
      <line num="240" count="0" type="stmt"/>
      <line num="248" count="1" type="stmt"/>
      <line num="251" count="1" type="cond" truecount="1" falsecount="1"/>
      <line num="252" count="0" type="stmt"/>
      <line num="253" count="0" type="stmt"/>
      <line num="254" count="0" type="stmt"/>
    </file>
  </project>
</coverage>
