{"/Users/michael.schmitt/projects/vibing-dude/get-ollama-to-work/dashboard/server.js": {"path":"/Users/michael.schmitt/projects/vibing-dude/get-ollama-to-work/dashboard/server.js","statementMap":{"0":{"start":{"line":1,"column":16},"end":{"line":1,"column":34}},"1":{"start":{"line":2,"column":13},"end":{"line":2,"column":28}},"2":{"start":{"line":3,"column":14},"end":{"line":3,"column":30}},"3":{"start":{"line":4,"column":13},"end":{"line":4,"column":28}},"4":{"start":{"line":5,"column":11},"end":{"line":5,"column":39}},"5":{"start":{"line":7,"column":12},"end":{"line":7,"column":21}},"6":{"start":{"line":8,"column":13},"end":{"line":8,"column":37}},"7":{"start":{"line":23,"column":17},"end":{"line":23,"column":41}},"8":{"start":{"line":24,"column":0},"end":{"line":34,"column":1}},"9":{"start":{"line":25,"column":2},"end":{"line":33,"column":3}},"10":{"start":{"line":26,"column":16},"end":{"line":26,"column":47}},"11":{"start":{"line":27,"column":4},"end":{"line":29,"column":5}},"12":{"start":{"line":28,"column":6},"end":{"line":28,"column":95}},"13":{"start":{"line":30,"column":4},"end":{"line":30,"column":40}},"14":{"start":{"line":32,"column":4},"end":{"line":32,"column":97}},"15":{"start":{"line":36,"column":0},"end":{"line":36,"column":16}},"16":{"start":{"line":37,"column":0},"end":{"line":37,"column":24}},"17":{"start":{"line":38,"column":0},"end":{"line":38,"column":34}},"18":{"start":{"line":41,"column":0},"end":{"line":51,"column":3}},"19":{"start":{"line":42,"column":2},"end":{"line":50,"column":3}},"20":{"start":{"line":43,"column":21},"end":{"line":43,"column":60}},"21":{"start":{"line":44,"column":4},"end":{"line":44,"column":28}},"22":{"start":{"line":46,"column":4},"end":{"line":49,"column":7}},"23":{"start":{"line":54,"column":0},"end":{"line":64,"column":3}},"24":{"start":{"line":55,"column":2},"end":{"line":63,"column":3}},"25":{"start":{"line":56,"column":21},"end":{"line":56,"column":62}},"26":{"start":{"line":57,"column":4},"end":{"line":57,"column":28}},"27":{"start":{"line":59,"column":4},"end":{"line":62,"column":7}},"28":{"start":{"line":67,"column":0},"end":{"line":79,"column":3}},"29":{"start":{"line":68,"column":2},"end":{"line":78,"column":3}},"30":{"start":{"line":69,"column":21},"end":{"line":71,"column":6}},"31":{"start":{"line":72,"column":4},"end":{"line":72,"column":28}},"32":{"start":{"line":74,"column":4},"end":{"line":77,"column":7}},"33":{"start":{"line":82,"column":0},"end":{"line":133,"column":3}},"34":{"start":{"line":83,"column":2},"end":{"line":132,"column":3}},"35":{"start":{"line":84,"column":22},"end":{"line":84,"column":37}},"36":{"start":{"line":86,"column":4},"end":{"line":91,"column":5}},"37":{"start":{"line":87,"column":6},"end":{"line":90,"column":9}},"38":{"start":{"line":93,"column":4},"end":{"line":93,"column":60}},"39":{"start":{"line":97,"column":21},"end":{"line":101,"column":6}},"40":{"start":{"line":103,"column":4},"end":{"line":103,"column":61}},"41":{"start":{"line":105,"column":4},"end":{"line":109,"column":7}},"42":{"start":{"line":111,"column":4},"end":{"line":111,"column":61}},"43":{"start":{"line":114,"column":4},"end":{"line":119,"column":5}},"44":{"start":{"line":115,"column":6},"end":{"line":118,"column":9}},"45":{"start":{"line":121,"column":4},"end":{"line":126,"column":5}},"46":{"start":{"line":122,"column":6},"end":{"line":125,"column":9}},"47":{"start":{"line":128,"column":4},"end":{"line":131,"column":7}},"48":{"start":{"line":136,"column":0},"end":{"line":149,"column":3}},"49":{"start":{"line":137,"column":2},"end":{"line":148,"column":3}},"50":{"start":{"line":138,"column":21},"end":{"line":138,"column":54}},"51":{"start":{"line":139,"column":4},"end":{"line":142,"column":7}},"52":{"start":{"line":144,"column":4},"end":{"line":147,"column":7}},"53":{"start":{"line":152,"column":0},"end":{"line":167,"column":3}},"54":{"start":{"line":153,"column":2},"end":{"line":166,"column":3}},"55":{"start":{"line":154,"column":30},"end":{"line":154,"column":38}},"56":{"start":{"line":155,"column":21},"end":{"line":159,"column":6}},"57":{"start":{"line":160,"column":4},"end":{"line":160,"column":28}},"58":{"start":{"line":162,"column":4},"end":{"line":165,"column":7}},"59":{"start":{"line":170,"column":0},"end":{"line":245,"column":3}},"60":{"start":{"line":171,"column":2},"end":{"line":244,"column":3}},"61":{"start":{"line":172,"column":87},"end":{"line":181,"column":6}},"62":{"start":{"line":184,"column":27},"end":{"line":184,"column":82}},"63":{"start":{"line":184,"column":56},"end":{"line":184,"column":78}},"64":{"start":{"line":185,"column":26},"end":{"line":185,"column":81}},"65":{"start":{"line":185,"column":55},"end":{"line":185,"column":77}},"66":{"start":{"line":187,"column":4},"end":{"line":238,"column":7}},"67":{"start":{"line":204,"column":44},"end":{"line":213,"column":7}},"68":{"start":{"line":219,"column":42},"end":{"line":223,"column":7}},"69":{"start":{"line":240,"column":4},"end":{"line":243,"column":7}},"70":{"start":{"line":248,"column":0},"end":{"line":248,"column":21}},"71":{"start":{"line":251,"column":0},"end":{"line":256,"column":1}},"72":{"start":{"line":252,"column":2},"end":{"line":255,"column":5}},"73":{"start":{"line":253,"column":4},"end":{"line":253,"column":80}},"74":{"start":{"line":254,"column":4},"end":{"line":254,"column":54}}},"fnMap":{"0":{"name":"(anonymous_0)","decl":{"start":{"line":41,"column":31},"end":{"line":41,"column":32}},"loc":{"start":{"line":41,"column":51},"end":{"line":51,"column":1}},"line":41},"1":{"name":"(anonymous_1)","decl":{"start":{"line":54,"column":23},"end":{"line":54,"column":24}},"loc":{"start":{"line":54,"column":43},"end":{"line":64,"column":1}},"line":54},"2":{"name":"(anonymous_2)","decl":{"start":{"line":67,"column":29},"end":{"line":67,"column":30}},"loc":{"start":{"line":67,"column":49},"end":{"line":79,"column":1}},"line":67},"3":{"name":"(anonymous_3)","decl":{"start":{"line":82,"column":32},"end":{"line":82,"column":33}},"loc":{"start":{"line":82,"column":52},"end":{"line":133,"column":1}},"line":82},"4":{"name":"(anonymous_4)","decl":{"start":{"line":136,"column":23},"end":{"line":136,"column":24}},"loc":{"start":{"line":136,"column":43},"end":{"line":149,"column":1}},"line":136},"5":{"name":"(anonymous_5)","decl":{"start":{"line":152,"column":26},"end":{"line":152,"column":27}},"loc":{"start":{"line":152,"column":46},"end":{"line":167,"column":1}},"line":152},"6":{"name":"(anonymous_6)","decl":{"start":{"line":170,"column":25},"end":{"line":170,"column":26}},"loc":{"start":{"line":170,"column":45},"end":{"line":245,"column":1}},"line":170},"7":{"name":"(anonymous_7)","decl":{"start":{"line":184,"column":41},"end":{"line":184,"column":42}},"loc":{"start":{"line":184,"column":56},"end":{"line":184,"column":78}},"line":184},"8":{"name":"(anonymous_8)","decl":{"start":{"line":185,"column":40},"end":{"line":185,"column":41}},"loc":{"start":{"line":185,"column":55},"end":{"line":185,"column":77}},"line":185},"9":{"name":"(anonymous_9)","decl":{"start":{"line":204,"column":36},"end":{"line":204,"column":37}},"loc":{"start":{"line":204,"column":44},"end":{"line":213,"column":7}},"line":204},"10":{"name":"(anonymous_10)","decl":{"start":{"line":219,"column":32},"end":{"line":219,"column":33}},"loc":{"start":{"line":219,"column":42},"end":{"line":223,"column":7}},"line":219},"11":{"name":"(anonymous_11)","decl":{"start":{"line":252,"column":19},"end":{"line":252,"column":20}},"loc":{"start":{"line":252,"column":25},"end":{"line":255,"column":3}},"line":252}},"branchMap":{"0":{"loc":{"start":{"line":8,"column":13},"end":{"line":8,"column":37}},"type":"binary-expr","locations":[{"start":{"line":8,"column":13},"end":{"line":8,"column":29}},{"start":{"line":8,"column":33},"end":{"line":8,"column":37}}],"line":8},"1":{"loc":{"start":{"line":24,"column":0},"end":{"line":34,"column":1}},"type":"if","locations":[{"start":{"line":24,"column":0},"end":{"line":34,"column":1}},{"start":{},"end":{}}],"line":24},"2":{"loc":{"start":{"line":27,"column":4},"end":{"line":29,"column":5}},"type":"if","locations":[{"start":{"line":27,"column":4},"end":{"line":29,"column":5}},{"start":{},"end":{}}],"line":27},"3":{"loc":{"start":{"line":27,"column":8},"end":{"line":27,"column":61}},"type":"binary-expr","locations":[{"start":{"line":27,"column":8},"end":{"line":27,"column":32}},{"start":{"line":27,"column":36},"end":{"line":27,"column":61}}],"line":27},"4":{"loc":{"start":{"line":86,"column":4},"end":{"line":91,"column":5}},"type":"if","locations":[{"start":{"line":86,"column":4},"end":{"line":91,"column":5}},{"start":{},"end":{}}],"line":86},"5":{"loc":{"start":{"line":86,"column":8},"end":{"line":86,"column":45}},"type":"binary-expr","locations":[{"start":{"line":86,"column":8},"end":{"line":86,"column":18}},{"start":{"line":86,"column":22},"end":{"line":86,"column":45}}],"line":86},"6":{"loc":{"start":{"line":114,"column":4},"end":{"line":119,"column":5}},"type":"if","locations":[{"start":{"line":114,"column":4},"end":{"line":119,"column":5}},{"start":{},"end":{}}],"line":114},"7":{"loc":{"start":{"line":121,"column":4},"end":{"line":126,"column":5}},"type":"if","locations":[{"start":{"line":121,"column":4},"end":{"line":126,"column":5}},{"start":{},"end":{}}],"line":121},"8":{"loc":{"start":{"line":124,"column":17},"end":{"line":124,"column":83}},"type":"binary-expr","locations":[{"start":{"line":124,"column":17},"end":{"line":124,"column":43}},{"start":{"line":124,"column":47},"end":{"line":124,"column":83}}],"line":124},"9":{"loc":{"start":{"line":184,"column":63},"end":{"line":184,"column":77}},"type":"binary-expr","locations":[{"start":{"line":184,"column":63},"end":{"line":184,"column":72}},{"start":{"line":184,"column":76},"end":{"line":184,"column":77}}],"line":184},"10":{"loc":{"start":{"line":185,"column":62},"end":{"line":185,"column":76}},"type":"binary-expr","locations":[{"start":{"line":185,"column":62},"end":{"line":185,"column":71}},{"start":{"line":185,"column":75},"end":{"line":185,"column":76}}],"line":185},"11":{"loc":{"start":{"line":195,"column":21},"end":{"line":195,"column":55}},"type":"binary-expr","locations":[{"start":{"line":195,"column":21},"end":{"line":195,"column":47}},{"start":{"line":195,"column":51},"end":{"line":195,"column":55}}],"line":195},"12":{"loc":{"start":{"line":208,"column":20},"end":{"line":208,"column":39}},"type":"binary-expr","locations":[{"start":{"line":208,"column":20},"end":{"line":208,"column":34}},{"start":{"line":208,"column":38},"end":{"line":208,"column":39}}],"line":208},"13":{"loc":{"start":{"line":209,"column":21},"end":{"line":209,"column":48}},"type":"binary-expr","locations":[{"start":{"line":209,"column":21},"end":{"line":209,"column":36}},{"start":{"line":209,"column":40},"end":{"line":209,"column":48}}],"line":209},"14":{"loc":{"start":{"line":210,"column":21},"end":{"line":210,"column":47}},"type":"binary-expr","locations":[{"start":{"line":210,"column":21},"end":{"line":210,"column":39}},{"start":{"line":210,"column":43},"end":{"line":210,"column":47}}],"line":210},"15":{"loc":{"start":{"line":211,"column":24},"end":{"line":211,"column":50}},"type":"binary-expr","locations":[{"start":{"line":211,"column":24},"end":{"line":211,"column":42}},{"start":{"line":211,"column":46},"end":{"line":211,"column":50}}],"line":211},"16":{"loc":{"start":{"line":212,"column":27},"end":{"line":212,"column":56}},"type":"binary-expr","locations":[{"start":{"line":212,"column":27},"end":{"line":212,"column":48}},{"start":{"line":212,"column":52},"end":{"line":212,"column":56}}],"line":212},"17":{"loc":{"start":{"line":217,"column":21},"end":{"line":217,"column":97}},"type":"cond-expr","locations":[{"start":{"line":217,"column":42},"end":{"line":217,"column":93}},{"start":{"line":217,"column":96},"end":{"line":217,"column":97}}],"line":217},"18":{"loc":{"start":{"line":251,"column":0},"end":{"line":256,"column":1}},"type":"if","locations":[{"start":{"line":251,"column":0},"end":{"line":256,"column":1}},{"start":{},"end":{}}],"line":251}},"s":{"0":1,"1":1,"2":1,"3":1,"4":1,"5":1,"6":1,"7":1,"8":1,"9":0,"10":0,"11":0,"12":0,"13":0,"14":0,"15":1,"16":1,"17":1,"18":1,"19":1,"20":1,"21":1,"22":0,"23":1,"24":1,"25":1,"26":1,"27":0,"28":1,"29":0,"30":0,"31":0,"32":0,"33":1,"34":43,"35":43,"36":43,"37":2,"38":41,"39":41,"40":31,"41":31,"42":10,"43":10,"44":4,"45":6,"46":2,"47":4,"48":1,"49":1,"50":1,"51":1,"52":0,"53":1,"54":0,"55":0,"56":0,"57":0,"58":0,"59":1,"60":0,"61":0,"62":0,"63":0,"64":0,"65":0,"66":0,"67":0,"68":0,"69":0,"70":1,"71":1,"72":0,"73":0,"74":0},"f":{"0":1,"1":1,"2":0,"3":43,"4":1,"5":0,"6":0,"7":0,"8":0,"9":0,"10":0,"11":0},"b":{"0":[1,1],"1":[0,1],"2":[0,0],"3":[0,0],"4":[2,41],"5":[43,43],"6":[4,6],"7":[2,4],"8":[2,0],"9":[0,0],"10":[0,0],"11":[0,0],"12":[0,0],"13":[0,0],"14":[0,0],"15":[0,0],"16":[0,0],"17":[0,0],"18":[0,1]},"_coverageSchema":"1a1c01bbd47fc00a2c39e90264f33305004495a9","hash":"8cde45928b65285102902c1b703d5fccc1515752"}
}
