{"/Users/michael.schmitt/projects/vibing-dude/get-ollama-to-work/dashboard/server.js": {"path":"/Users/michael.schmitt/projects/vibing-dude/get-ollama-to-work/dashboard/server.js","statementMap":{"0":{"start":{"line":1,"column":16},"end":{"line":1,"column":34}},"1":{"start":{"line":2,"column":13},"end":{"line":2,"column":28}},"2":{"start":{"line":3,"column":14},"end":{"line":3,"column":30}},"3":{"start":{"line":4,"column":13},"end":{"line":4,"column":28}},"4":{"start":{"line":5,"column":11},"end":{"line":5,"column":39}},"5":{"start":{"line":6,"column":11},"end":{"line":6,"column":24}},"6":{"start":{"line":8,"column":12},"end":{"line":8,"column":21}},"7":{"start":{"line":9,"column":13},"end":{"line":9,"column":37}},"8":{"start":{"line":15,"column":23},"end":{"line":15,"column":62}},"9":{"start":{"line":21,"column":16},"end":{"line":21,"column":18}},"10":{"start":{"line":27,"column":2},"end":{"line":36,"column":3}},"11":{"start":{"line":28,"column":4},"end":{"line":32,"column":5}},"12":{"start":{"line":29,"column":19},"end":{"line":29,"column":58}},"13":{"start":{"line":30,"column":6},"end":{"line":30,"column":35}},"14":{"start":{"line":31,"column":6},"end":{"line":31,"column":84}},"15":{"start":{"line":34,"column":4},"end":{"line":34,"column":61}},"16":{"start":{"line":35,"column":4},"end":{"line":35,"column":19}},"17":{"start":{"line":43,"column":2},"end":{"line":47,"column":3}},"18":{"start":{"line":44,"column":4},"end":{"line":44,"column":81}},"19":{"start":{"line":46,"column":4},"end":{"line":46,"column":60}},"20":{"start":{"line":54,"column":2},"end":{"line":54,"column":73}},"21":{"start":{"line":61,"column":2},"end":{"line":69,"column":3}},"22":{"start":{"line":62,"column":22},"end":{"line":62,"column":34}},"23":{"start":{"line":63,"column":4},"end":{"line":65,"column":5}},"24":{"start":{"line":64,"column":6},"end":{"line":64,"column":84}},"25":{"start":{"line":66,"column":4},"end":{"line":66,"column":27}},"26":{"start":{"line":68,"column":4},"end":{"line":68,"column":57}},"27":{"start":{"line":76,"column":17},"end":{"line":76,"column":19}},"28":{"start":{"line":78,"column":2},"end":{"line":80,"column":3}},"29":{"start":{"line":79,"column":4},"end":{"line":79,"column":67}},"30":{"start":{"line":82,"column":2},"end":{"line":89,"column":3}},"31":{"start":{"line":83,"column":4},"end":{"line":83,"column":66}},"32":{"start":{"line":85,"column":26},"end":{"line":85,"column":55}},"33":{"start":{"line":86,"column":4},"end":{"line":88,"column":5}},"34":{"start":{"line":87,"column":6},"end":{"line":87,"column":67}},"35":{"start":{"line":91,"column":2},"end":{"line":93,"column":3}},"36":{"start":{"line":92,"column":4},"end":{"line":92,"column":48}},"37":{"start":{"line":95,"column":2},"end":{"line":98,"column":4}},"38":{"start":{"line":102,"column":0},"end":{"line":102,"column":16}},"39":{"start":{"line":117,"column":17},"end":{"line":117,"column":41}},"40":{"start":{"line":118,"column":0},"end":{"line":128,"column":1}},"41":{"start":{"line":119,"column":2},"end":{"line":127,"column":3}},"42":{"start":{"line":120,"column":16},"end":{"line":120,"column":47}},"43":{"start":{"line":121,"column":4},"end":{"line":123,"column":5}},"44":{"start":{"line":122,"column":6},"end":{"line":122,"column":95}},"45":{"start":{"line":124,"column":4},"end":{"line":124,"column":40}},"46":{"start":{"line":126,"column":4},"end":{"line":126,"column":97}},"47":{"start":{"line":130,"column":0},"end":{"line":130,"column":16}},"48":{"start":{"line":131,"column":0},"end":{"line":131,"column":24}},"49":{"start":{"line":132,"column":0},"end":{"line":132,"column":34}},"50":{"start":{"line":159,"column":0},"end":{"line":195,"column":3}},"51":{"start":{"line":160,"column":2},"end":{"line":194,"column":3}},"52":{"start":{"line":161,"column":39},"end":{"line":161,"column":47}},"53":{"start":{"line":164,"column":23},"end":{"line":164,"column":71}},"54":{"start":{"line":165,"column":4},"end":{"line":170,"column":5}},"55":{"start":{"line":166,"column":6},"end":{"line":169,"column":9}},"56":{"start":{"line":173,"column":15},"end":{"line":173,"column":27}},"57":{"start":{"line":174,"column":16},"end":{"line":174,"column":40}},"58":{"start":{"line":175,"column":21},"end":{"line":182,"column":5}},"59":{"start":{"line":184,"column":4},"end":{"line":184,"column":29}},"60":{"start":{"line":185,"column":4},"end":{"line":185,"column":20}},"61":{"start":{"line":187,"column":4},"end":{"line":187,"column":35}},"62":{"start":{"line":189,"column":4},"end":{"line":189,"column":53}},"63":{"start":{"line":190,"column":4},"end":{"line":193,"column":7}},"64":{"start":{"line":210,"column":0},"end":{"line":224,"column":3}},"65":{"start":{"line":211,"column":2},"end":{"line":223,"column":3}},"66":{"start":{"line":212,"column":25},"end":{"line":212,"column":49}},"67":{"start":{"line":213,"column":4},"end":{"line":216,"column":7}},"68":{"start":{"line":218,"column":4},"end":{"line":218,"column":53}},"69":{"start":{"line":219,"column":4},"end":{"line":222,"column":7}},"70":{"start":{"line":240,"column":0},"end":{"line":259,"column":3}},"71":{"start":{"line":241,"column":2},"end":{"line":258,"column":3}},"72":{"start":{"line":242,"column":19},"end":{"line":242,"column":29}},"73":{"start":{"line":244,"column":4},"end":{"line":249,"column":5}},"74":{"start":{"line":245,"column":6},"end":{"line":248,"column":9}},"75":{"start":{"line":251,"column":4},"end":{"line":251,"column":28}},"76":{"start":{"line":253,"column":4},"end":{"line":253,"column":52}},"77":{"start":{"line":254,"column":4},"end":{"line":257,"column":7}},"78":{"start":{"line":282,"column":0},"end":{"line":333,"column":3}},"79":{"start":{"line":283,"column":2},"end":{"line":332,"column":3}},"80":{"start":{"line":284,"column":19},"end":{"line":284,"column":29}},"81":{"start":{"line":285,"column":39},"end":{"line":285,"column":47}},"82":{"start":{"line":287,"column":4},"end":{"line":292,"column":5}},"83":{"start":{"line":288,"column":6},"end":{"line":291,"column":9}},"84":{"start":{"line":295,"column":23},"end":{"line":295,"column":25}},"85":{"start":{"line":296,"column":4},"end":{"line":296,"column":51}},"86":{"start":{"line":296,"column":28},"end":{"line":296,"column":51}},"87":{"start":{"line":297,"column":4},"end":{"line":297,"column":48}},"88":{"start":{"line":297,"column":27},"end":{"line":297,"column":48}},"89":{"start":{"line":298,"column":4},"end":{"line":298,"column":72}},"90":{"start":{"line":298,"column":35},"end":{"line":298,"column":72}},"91":{"start":{"line":301,"column":4},"end":{"line":314,"column":5}},"92":{"start":{"line":302,"column":25},"end":{"line":306,"column":8}},"93":{"start":{"line":308,"column":6},"end":{"line":313,"column":7}},"94":{"start":{"line":309,"column":8},"end":{"line":312,"column":11}},"95":{"start":{"line":317,"column":16},"end":{"line":317,"column":40}},"96":{"start":{"line":318,"column":4},"end":{"line":318,"column":61}},"97":{"start":{"line":318,"column":28},"end":{"line":318,"column":61}},"98":{"start":{"line":319,"column":4},"end":{"line":319,"column":58}},"99":{"start":{"line":319,"column":27},"end":{"line":319,"column":58}},"100":{"start":{"line":320,"column":4},"end":{"line":320,"column":82}},"101":{"start":{"line":320,"column":35},"end":{"line":320,"column":82}},"102":{"start":{"line":321,"column":4},"end":{"line":321,"column":35}},"103":{"start":{"line":323,"column":4},"end":{"line":323,"column":20}},"104":{"start":{"line":325,"column":4},"end":{"line":325,"column":28}},"105":{"start":{"line":327,"column":4},"end":{"line":327,"column":53}},"106":{"start":{"line":328,"column":4},"end":{"line":331,"column":7}},"107":{"start":{"line":346,"column":0},"end":{"line":373,"column":3}},"108":{"start":{"line":347,"column":2},"end":{"line":372,"column":3}},"109":{"start":{"line":348,"column":19},"end":{"line":348,"column":29}},"110":{"start":{"line":350,"column":4},"end":{"line":355,"column":5}},"111":{"start":{"line":351,"column":6},"end":{"line":354,"column":9}},"112":{"start":{"line":357,"column":28},"end":{"line":357,"column":41}},"113":{"start":{"line":358,"column":4},"end":{"line":358,"column":25}},"114":{"start":{"line":359,"column":4},"end":{"line":359,"column":20}},"115":{"start":{"line":361,"column":4},"end":{"line":365,"column":7}},"116":{"start":{"line":367,"column":4},"end":{"line":367,"column":53}},"117":{"start":{"line":368,"column":4},"end":{"line":371,"column":7}},"118":{"start":{"line":380,"column":0},"end":{"line":390,"column":3}},"119":{"start":{"line":381,"column":2},"end":{"line":389,"column":3}},"120":{"start":{"line":382,"column":21},"end":{"line":382,"column":60}},"121":{"start":{"line":383,"column":4},"end":{"line":383,"column":28}},"122":{"start":{"line":385,"column":4},"end":{"line":388,"column":7}},"123":{"start":{"line":393,"column":0},"end":{"line":403,"column":3}},"124":{"start":{"line":394,"column":2},"end":{"line":402,"column":3}},"125":{"start":{"line":395,"column":21},"end":{"line":395,"column":62}},"126":{"start":{"line":396,"column":4},"end":{"line":396,"column":28}},"127":{"start":{"line":398,"column":4},"end":{"line":401,"column":7}},"128":{"start":{"line":406,"column":0},"end":{"line":418,"column":3}},"129":{"start":{"line":407,"column":2},"end":{"line":417,"column":3}},"130":{"start":{"line":408,"column":21},"end":{"line":410,"column":6}},"131":{"start":{"line":411,"column":4},"end":{"line":411,"column":28}},"132":{"start":{"line":413,"column":4},"end":{"line":416,"column":7}},"133":{"start":{"line":421,"column":0},"end":{"line":472,"column":3}},"134":{"start":{"line":422,"column":2},"end":{"line":471,"column":3}},"135":{"start":{"line":423,"column":22},"end":{"line":423,"column":37}},"136":{"start":{"line":425,"column":4},"end":{"line":430,"column":5}},"137":{"start":{"line":426,"column":6},"end":{"line":429,"column":9}},"138":{"start":{"line":432,"column":4},"end":{"line":432,"column":60}},"139":{"start":{"line":436,"column":21},"end":{"line":440,"column":6}},"140":{"start":{"line":442,"column":4},"end":{"line":442,"column":61}},"141":{"start":{"line":444,"column":4},"end":{"line":448,"column":7}},"142":{"start":{"line":450,"column":4},"end":{"line":450,"column":61}},"143":{"start":{"line":453,"column":4},"end":{"line":458,"column":5}},"144":{"start":{"line":454,"column":6},"end":{"line":457,"column":9}},"145":{"start":{"line":460,"column":4},"end":{"line":465,"column":5}},"146":{"start":{"line":461,"column":6},"end":{"line":464,"column":9}},"147":{"start":{"line":467,"column":4},"end":{"line":470,"column":7}},"148":{"start":{"line":475,"column":0},"end":{"line":488,"column":3}},"149":{"start":{"line":476,"column":2},"end":{"line":487,"column":3}},"150":{"start":{"line":477,"column":21},"end":{"line":477,"column":54}},"151":{"start":{"line":478,"column":4},"end":{"line":481,"column":7}},"152":{"start":{"line":483,"column":4},"end":{"line":486,"column":7}},"153":{"start":{"line":491,"column":0},"end":{"line":506,"column":3}},"154":{"start":{"line":492,"column":2},"end":{"line":505,"column":3}},"155":{"start":{"line":493,"column":30},"end":{"line":493,"column":38}},"156":{"start":{"line":494,"column":21},"end":{"line":498,"column":6}},"157":{"start":{"line":499,"column":4},"end":{"line":499,"column":28}},"158":{"start":{"line":501,"column":4},"end":{"line":504,"column":7}},"159":{"start":{"line":509,"column":0},"end":{"line":584,"column":3}},"160":{"start":{"line":510,"column":2},"end":{"line":583,"column":3}},"161":{"start":{"line":511,"column":30},"end":{"line":511,"column":38}},"162":{"start":{"line":514,"column":4},"end":{"line":519,"column":5}},"163":{"start":{"line":515,"column":6},"end":{"line":518,"column":9}},"164":{"start":{"line":522,"column":4},"end":{"line":522,"column":55}},"165":{"start":{"line":523,"column":4},"end":{"line":523,"column":47}},"166":{"start":{"line":524,"column":4},"end":{"line":524,"column":46}},"167":{"start":{"line":525,"column":4},"end":{"line":525,"column":45}},"168":{"start":{"line":528,"column":21},"end":{"line":534,"column":6}},"169":{"start":{"line":537,"column":4},"end":{"line":555,"column":7}},"170":{"start":{"line":538,"column":6},"end":{"line":554,"column":7}},"171":{"start":{"line":539,"column":22},"end":{"line":539,"column":78}},"172":{"start":{"line":539,"column":66},"end":{"line":539,"column":77}},"173":{"start":{"line":541,"column":8},"end":{"line":551,"column":9}},"174":{"start":{"line":542,"column":23},"end":{"line":542,"column":39}},"175":{"start":{"line":545,"column":10},"end":{"line":545,"column":57}},"176":{"start":{"line":548,"column":10},"end":{"line":550,"column":11}},"177":{"start":{"line":549,"column":12},"end":{"line":549,"column":22}},"178":{"start":{"line":553,"column":8},"end":{"line":553,"column":72}},"179":{"start":{"line":558,"column":4},"end":{"line":562,"column":7}},"180":{"start":{"line":559,"column":6},"end":{"line":559,"column":51}},"181":{"start":{"line":560,"column":6},"end":{"line":560,"column":87}},"182":{"start":{"line":561,"column":6},"end":{"line":561,"column":16}},"183":{"start":{"line":565,"column":4},"end":{"line":567,"column":7}},"184":{"start":{"line":566,"column":6},"end":{"line":566,"column":30}},"185":{"start":{"line":570,"column":4},"end":{"line":570,"column":59}},"186":{"start":{"line":573,"column":4},"end":{"line":578,"column":5}},"187":{"start":{"line":574,"column":6},"end":{"line":577,"column":9}},"188":{"start":{"line":581,"column":4},"end":{"line":581,"column":85}},"189":{"start":{"line":582,"column":4},"end":{"line":582,"column":14}},"190":{"start":{"line":587,"column":0},"end":{"line":662,"column":3}},"191":{"start":{"line":588,"column":2},"end":{"line":661,"column":3}},"192":{"start":{"line":589,"column":87},"end":{"line":598,"column":6}},"193":{"start":{"line":601,"column":27},"end":{"line":601,"column":82}},"194":{"start":{"line":601,"column":56},"end":{"line":601,"column":78}},"195":{"start":{"line":602,"column":26},"end":{"line":602,"column":81}},"196":{"start":{"line":602,"column":55},"end":{"line":602,"column":77}},"197":{"start":{"line":604,"column":4},"end":{"line":655,"column":7}},"198":{"start":{"line":621,"column":44},"end":{"line":630,"column":7}},"199":{"start":{"line":636,"column":42},"end":{"line":640,"column":7}},"200":{"start":{"line":657,"column":4},"end":{"line":660,"column":7}},"201":{"start":{"line":665,"column":0},"end":{"line":665,"column":21}},"202":{"start":{"line":668,"column":0},"end":{"line":673,"column":1}},"203":{"start":{"line":669,"column":2},"end":{"line":672,"column":5}},"204":{"start":{"line":670,"column":4},"end":{"line":670,"column":80}},"205":{"start":{"line":671,"column":4},"end":{"line":671,"column":54}}},"fnMap":{"0":{"name":"loadInstances","decl":{"start":{"line":26,"column":9},"end":{"line":26,"column":22}},"loc":{"start":{"line":26,"column":25},"end":{"line":37,"column":1}},"line":26},"1":{"name":"saveInstances","decl":{"start":{"line":42,"column":9},"end":{"line":42,"column":22}},"loc":{"start":{"line":42,"column":25},"end":{"line":48,"column":1}},"line":42},"2":{"name":"generateId","decl":{"start":{"line":53,"column":9},"end":{"line":53,"column":19}},"loc":{"start":{"line":53,"column":22},"end":{"line":55,"column":1}},"line":53},"3":{"name":"validateInstanceUrl","decl":{"start":{"line":60,"column":9},"end":{"line":60,"column":28}},"loc":{"start":{"line":60,"column":34},"end":{"line":70,"column":1}},"line":60},"4":{"name":"validateInstanceData","decl":{"start":{"line":75,"column":9},"end":{"line":75,"column":29}},"loc":{"start":{"line":75,"column":36},"end":{"line":99,"column":1}},"line":75},"5":{"name":"(anonymous_5)","decl":{"start":{"line":159,"column":27},"end":{"line":159,"column":28}},"loc":{"start":{"line":159,"column":41},"end":{"line":195,"column":1}},"line":159},"6":{"name":"(anonymous_6)","decl":{"start":{"line":210,"column":26},"end":{"line":210,"column":27}},"loc":{"start":{"line":210,"column":40},"end":{"line":224,"column":1}},"line":210},"7":{"name":"(anonymous_7)","decl":{"start":{"line":240,"column":30},"end":{"line":240,"column":31}},"loc":{"start":{"line":240,"column":44},"end":{"line":259,"column":1}},"line":240},"8":{"name":"(anonymous_8)","decl":{"start":{"line":282,"column":30},"end":{"line":282,"column":31}},"loc":{"start":{"line":282,"column":44},"end":{"line":333,"column":1}},"line":282},"9":{"name":"(anonymous_9)","decl":{"start":{"line":346,"column":33},"end":{"line":346,"column":34}},"loc":{"start":{"line":346,"column":47},"end":{"line":373,"column":1}},"line":346},"10":{"name":"(anonymous_10)","decl":{"start":{"line":380,"column":31},"end":{"line":380,"column":32}},"loc":{"start":{"line":380,"column":51},"end":{"line":390,"column":1}},"line":380},"11":{"name":"(anonymous_11)","decl":{"start":{"line":393,"column":23},"end":{"line":393,"column":24}},"loc":{"start":{"line":393,"column":43},"end":{"line":403,"column":1}},"line":393},"12":{"name":"(anonymous_12)","decl":{"start":{"line":406,"column":29},"end":{"line":406,"column":30}},"loc":{"start":{"line":406,"column":49},"end":{"line":418,"column":1}},"line":406},"13":{"name":"(anonymous_13)","decl":{"start":{"line":421,"column":32},"end":{"line":421,"column":33}},"loc":{"start":{"line":421,"column":52},"end":{"line":472,"column":1}},"line":421},"14":{"name":"(anonymous_14)","decl":{"start":{"line":475,"column":23},"end":{"line":475,"column":24}},"loc":{"start":{"line":475,"column":43},"end":{"line":488,"column":1}},"line":475},"15":{"name":"(anonymous_15)","decl":{"start":{"line":491,"column":26},"end":{"line":491,"column":27}},"loc":{"start":{"line":491,"column":46},"end":{"line":506,"column":1}},"line":491},"16":{"name":"(anonymous_16)","decl":{"start":{"line":509,"column":33},"end":{"line":509,"column":34}},"loc":{"start":{"line":509,"column":53},"end":{"line":584,"column":1}},"line":509},"17":{"name":"(anonymous_17)","decl":{"start":{"line":537,"column":29},"end":{"line":537,"column":30}},"loc":{"start":{"line":537,"column":40},"end":{"line":555,"column":5}},"line":537},"18":{"name":"(anonymous_18)","decl":{"start":{"line":539,"column":58},"end":{"line":539,"column":59}},"loc":{"start":{"line":539,"column":66},"end":{"line":539,"column":77}},"line":539},"19":{"name":"(anonymous_19)","decl":{"start":{"line":558,"column":30},"end":{"line":558,"column":31}},"loc":{"start":{"line":558,"column":41},"end":{"line":562,"column":5}},"line":558},"20":{"name":"(anonymous_20)","decl":{"start":{"line":565,"column":20},"end":{"line":565,"column":21}},"loc":{"start":{"line":565,"column":26},"end":{"line":567,"column":5}},"line":565},"21":{"name":"(anonymous_21)","decl":{"start":{"line":587,"column":25},"end":{"line":587,"column":26}},"loc":{"start":{"line":587,"column":45},"end":{"line":662,"column":1}},"line":587},"22":{"name":"(anonymous_22)","decl":{"start":{"line":601,"column":41},"end":{"line":601,"column":42}},"loc":{"start":{"line":601,"column":56},"end":{"line":601,"column":78}},"line":601},"23":{"name":"(anonymous_23)","decl":{"start":{"line":602,"column":40},"end":{"line":602,"column":41}},"loc":{"start":{"line":602,"column":55},"end":{"line":602,"column":77}},"line":602},"24":{"name":"(anonymous_24)","decl":{"start":{"line":621,"column":36},"end":{"line":621,"column":37}},"loc":{"start":{"line":621,"column":44},"end":{"line":630,"column":7}},"line":621},"25":{"name":"(anonymous_25)","decl":{"start":{"line":636,"column":32},"end":{"line":636,"column":33}},"loc":{"start":{"line":636,"column":42},"end":{"line":640,"column":7}},"line":636},"26":{"name":"(anonymous_26)","decl":{"start":{"line":669,"column":19},"end":{"line":669,"column":20}},"loc":{"start":{"line":669,"column":25},"end":{"line":672,"column":3}},"line":669}},"branchMap":{"0":{"loc":{"start":{"line":9,"column":13},"end":{"line":9,"column":37}},"type":"binary-expr","locations":[{"start":{"line":9,"column":13},"end":{"line":9,"column":29}},{"start":{"line":9,"column":33},"end":{"line":9,"column":37}}],"line":9},"1":{"loc":{"start":{"line":28,"column":4},"end":{"line":32,"column":5}},"type":"if","locations":[{"start":{"line":28,"column":4},"end":{"line":32,"column":5}},{"start":{},"end":{}}],"line":28},"2":{"loc":{"start":{"line":63,"column":4},"end":{"line":65,"column":5}},"type":"if","locations":[{"start":{"line":63,"column":4},"end":{"line":65,"column":5}},{"start":{},"end":{}}],"line":63},"3":{"loc":{"start":{"line":63,"column":8},"end":{"line":63,"column":73}},"type":"binary-expr","locations":[{"start":{"line":63,"column":8},"end":{"line":63,"column":38}},{"start":{"line":63,"column":42},"end":{"line":63,"column":73}}],"line":63},"4":{"loc":{"start":{"line":78,"column":2},"end":{"line":80,"column":3}},"type":"if","locations":[{"start":{"line":78,"column":2},"end":{"line":80,"column":3}},{"start":{},"end":{}}],"line":78},"5":{"loc":{"start":{"line":78,"column":6},"end":{"line":78,"column":76}},"type":"binary-expr","locations":[{"start":{"line":78,"column":6},"end":{"line":78,"column":16}},{"start":{"line":78,"column":20},"end":{"line":78,"column":49}},{"start":{"line":78,"column":53},"end":{"line":78,"column":76}}],"line":78},"6":{"loc":{"start":{"line":82,"column":2},"end":{"line":89,"column":3}},"type":"if","locations":[{"start":{"line":82,"column":2},"end":{"line":89,"column":3}},{"start":{"line":84,"column":9},"end":{"line":89,"column":3}}],"line":82},"7":{"loc":{"start":{"line":82,"column":6},"end":{"line":82,"column":73}},"type":"binary-expr","locations":[{"start":{"line":82,"column":6},"end":{"line":82,"column":15}},{"start":{"line":82,"column":19},"end":{"line":82,"column":47}},{"start":{"line":82,"column":51},"end":{"line":82,"column":73}}],"line":82},"8":{"loc":{"start":{"line":86,"column":4},"end":{"line":88,"column":5}},"type":"if","locations":[{"start":{"line":86,"column":4},"end":{"line":88,"column":5}},{"start":{},"end":{}}],"line":86},"9":{"loc":{"start":{"line":91,"column":2},"end":{"line":93,"column":3}},"type":"if","locations":[{"start":{"line":91,"column":2},"end":{"line":93,"column":3}},{"start":{},"end":{}}],"line":91},"10":{"loc":{"start":{"line":91,"column":6},"end":{"line":91,"column":62}},"type":"binary-expr","locations":[{"start":{"line":91,"column":6},"end":{"line":91,"column":22}},{"start":{"line":91,"column":26},"end":{"line":91,"column":62}}],"line":91},"11":{"loc":{"start":{"line":118,"column":0},"end":{"line":128,"column":1}},"type":"if","locations":[{"start":{"line":118,"column":0},"end":{"line":128,"column":1}},{"start":{},"end":{}}],"line":118},"12":{"loc":{"start":{"line":121,"column":4},"end":{"line":123,"column":5}},"type":"if","locations":[{"start":{"line":121,"column":4},"end":{"line":123,"column":5}},{"start":{},"end":{}}],"line":121},"13":{"loc":{"start":{"line":121,"column":8},"end":{"line":121,"column":61}},"type":"binary-expr","locations":[{"start":{"line":121,"column":8},"end":{"line":121,"column":32}},{"start":{"line":121,"column":36},"end":{"line":121,"column":61}}],"line":121},"14":{"loc":{"start":{"line":165,"column":4},"end":{"line":170,"column":5}},"type":"if","locations":[{"start":{"line":165,"column":4},"end":{"line":170,"column":5}},{"start":{},"end":{}}],"line":165},"15":{"loc":{"start":{"line":179,"column":19},"end":{"line":179,"column":56}},"type":"cond-expr","locations":[{"start":{"line":179,"column":33},"end":{"line":179,"column":51}},{"start":{"line":179,"column":54},"end":{"line":179,"column":56}}],"line":179},"16":{"loc":{"start":{"line":244,"column":4},"end":{"line":249,"column":5}},"type":"if","locations":[{"start":{"line":244,"column":4},"end":{"line":249,"column":5}},{"start":{},"end":{}}],"line":244},"17":{"loc":{"start":{"line":287,"column":4},"end":{"line":292,"column":5}},"type":"if","locations":[{"start":{"line":287,"column":4},"end":{"line":292,"column":5}},{"start":{},"end":{}}],"line":287},"18":{"loc":{"start":{"line":296,"column":4},"end":{"line":296,"column":51}},"type":"if","locations":[{"start":{"line":296,"column":4},"end":{"line":296,"column":51}},{"start":{},"end":{}}],"line":296},"19":{"loc":{"start":{"line":297,"column":4},"end":{"line":297,"column":48}},"type":"if","locations":[{"start":{"line":297,"column":4},"end":{"line":297,"column":48}},{"start":{},"end":{}}],"line":297},"20":{"loc":{"start":{"line":298,"column":4},"end":{"line":298,"column":72}},"type":"if","locations":[{"start":{"line":298,"column":4},"end":{"line":298,"column":72}},{"start":{},"end":{}}],"line":298},"21":{"loc":{"start":{"line":301,"column":4},"end":{"line":314,"column":5}},"type":"if","locations":[{"start":{"line":301,"column":4},"end":{"line":314,"column":5}},{"start":{},"end":{}}],"line":301},"22":{"loc":{"start":{"line":303,"column":14},"end":{"line":303,"column":82}},"type":"cond-expr","locations":[{"start":{"line":303,"column":46},"end":{"line":303,"column":61}},{"start":{"line":303,"column":64},"end":{"line":303,"column":82}}],"line":303},"23":{"loc":{"start":{"line":304,"column":13},"end":{"line":304,"column":78}},"type":"cond-expr","locations":[{"start":{"line":304,"column":44},"end":{"line":304,"column":58}},{"start":{"line":304,"column":61},"end":{"line":304,"column":78}}],"line":304},"24":{"loc":{"start":{"line":305,"column":21},"end":{"line":305,"column":110}},"type":"cond-expr","locations":[{"start":{"line":305,"column":60},"end":{"line":305,"column":82}},{"start":{"line":305,"column":85},"end":{"line":305,"column":110}}],"line":305},"25":{"loc":{"start":{"line":308,"column":6},"end":{"line":313,"column":7}},"type":"if","locations":[{"start":{"line":308,"column":6},"end":{"line":313,"column":7}},{"start":{},"end":{}}],"line":308},"26":{"loc":{"start":{"line":318,"column":4},"end":{"line":318,"column":61}},"type":"if","locations":[{"start":{"line":318,"column":4},"end":{"line":318,"column":61}},{"start":{},"end":{}}],"line":318},"27":{"loc":{"start":{"line":319,"column":4},"end":{"line":319,"column":58}},"type":"if","locations":[{"start":{"line":319,"column":4},"end":{"line":319,"column":58}},{"start":{},"end":{}}],"line":319},"28":{"loc":{"start":{"line":320,"column":4},"end":{"line":320,"column":82}},"type":"if","locations":[{"start":{"line":320,"column":4},"end":{"line":320,"column":82}},{"start":{},"end":{}}],"line":320},"29":{"loc":{"start":{"line":350,"column":4},"end":{"line":355,"column":5}},"type":"if","locations":[{"start":{"line":350,"column":4},"end":{"line":355,"column":5}},{"start":{},"end":{}}],"line":350},"30":{"loc":{"start":{"line":425,"column":4},"end":{"line":430,"column":5}},"type":"if","locations":[{"start":{"line":425,"column":4},"end":{"line":430,"column":5}},{"start":{},"end":{}}],"line":425},"31":{"loc":{"start":{"line":425,"column":8},"end":{"line":425,"column":45}},"type":"binary-expr","locations":[{"start":{"line":425,"column":8},"end":{"line":425,"column":18}},{"start":{"line":425,"column":22},"end":{"line":425,"column":45}}],"line":425},"32":{"loc":{"start":{"line":453,"column":4},"end":{"line":458,"column":5}},"type":"if","locations":[{"start":{"line":453,"column":4},"end":{"line":458,"column":5}},{"start":{},"end":{}}],"line":453},"33":{"loc":{"start":{"line":460,"column":4},"end":{"line":465,"column":5}},"type":"if","locations":[{"start":{"line":460,"column":4},"end":{"line":465,"column":5}},{"start":{},"end":{}}],"line":460},"34":{"loc":{"start":{"line":463,"column":17},"end":{"line":463,"column":83}},"type":"binary-expr","locations":[{"start":{"line":463,"column":17},"end":{"line":463,"column":43}},{"start":{"line":463,"column":47},"end":{"line":463,"column":83}}],"line":463},"35":{"loc":{"start":{"line":514,"column":4},"end":{"line":519,"column":5}},"type":"if","locations":[{"start":{"line":514,"column":4},"end":{"line":519,"column":5}},{"start":{},"end":{}}],"line":514},"36":{"loc":{"start":{"line":514,"column":8},"end":{"line":514,"column":25}},"type":"binary-expr","locations":[{"start":{"line":514,"column":8},"end":{"line":514,"column":14}},{"start":{"line":514,"column":18},"end":{"line":514,"column":25}}],"line":514},"37":{"loc":{"start":{"line":548,"column":10},"end":{"line":550,"column":11}},"type":"if","locations":[{"start":{"line":548,"column":10},"end":{"line":550,"column":11}},{"start":{},"end":{}}],"line":548},"38":{"loc":{"start":{"line":573,"column":4},"end":{"line":578,"column":5}},"type":"if","locations":[{"start":{"line":573,"column":4},"end":{"line":578,"column":5}},{"start":{},"end":{}}],"line":573},"39":{"loc":{"start":{"line":601,"column":63},"end":{"line":601,"column":77}},"type":"binary-expr","locations":[{"start":{"line":601,"column":63},"end":{"line":601,"column":72}},{"start":{"line":601,"column":76},"end":{"line":601,"column":77}}],"line":601},"40":{"loc":{"start":{"line":602,"column":62},"end":{"line":602,"column":76}},"type":"binary-expr","locations":[{"start":{"line":602,"column":62},"end":{"line":602,"column":71}},{"start":{"line":602,"column":75},"end":{"line":602,"column":76}}],"line":602},"41":{"loc":{"start":{"line":612,"column":21},"end":{"line":612,"column":55}},"type":"binary-expr","locations":[{"start":{"line":612,"column":21},"end":{"line":612,"column":47}},{"start":{"line":612,"column":51},"end":{"line":612,"column":55}}],"line":612},"42":{"loc":{"start":{"line":625,"column":20},"end":{"line":625,"column":39}},"type":"binary-expr","locations":[{"start":{"line":625,"column":20},"end":{"line":625,"column":34}},{"start":{"line":625,"column":38},"end":{"line":625,"column":39}}],"line":625},"43":{"loc":{"start":{"line":626,"column":21},"end":{"line":626,"column":48}},"type":"binary-expr","locations":[{"start":{"line":626,"column":21},"end":{"line":626,"column":36}},{"start":{"line":626,"column":40},"end":{"line":626,"column":48}}],"line":626},"44":{"loc":{"start":{"line":627,"column":21},"end":{"line":627,"column":47}},"type":"binary-expr","locations":[{"start":{"line":627,"column":21},"end":{"line":627,"column":39}},{"start":{"line":627,"column":43},"end":{"line":627,"column":47}}],"line":627},"45":{"loc":{"start":{"line":628,"column":24},"end":{"line":628,"column":50}},"type":"binary-expr","locations":[{"start":{"line":628,"column":24},"end":{"line":628,"column":42}},{"start":{"line":628,"column":46},"end":{"line":628,"column":50}}],"line":628},"46":{"loc":{"start":{"line":629,"column":27},"end":{"line":629,"column":56}},"type":"binary-expr","locations":[{"start":{"line":629,"column":27},"end":{"line":629,"column":48}},{"start":{"line":629,"column":52},"end":{"line":629,"column":56}}],"line":629},"47":{"loc":{"start":{"line":634,"column":21},"end":{"line":634,"column":97}},"type":"cond-expr","locations":[{"start":{"line":634,"column":42},"end":{"line":634,"column":93}},{"start":{"line":634,"column":96},"end":{"line":634,"column":97}}],"line":634},"48":{"loc":{"start":{"line":668,"column":0},"end":{"line":673,"column":1}},"type":"if","locations":[{"start":{"line":668,"column":0},"end":{"line":673,"column":1}},{"start":{},"end":{}}],"line":668}},"s":{"0":78,"1":78,"2":78,"3":78,"4":78,"5":78,"6":78,"7":78,"8":78,"9":78,"10":78,"11":78,"12":0,"13":0,"14":0,"15":0,"16":0,"17":83,"18":83,"19":0,"20":63,"21":87,"22":87,"23":86,"24":5,"25":81,"26":1,"27":96,"28":96,"29":8,"30":96,"31":9,"32":87,"33":87,"34":6,"35":96,"36":1,"37":96,"38":78,"39":78,"40":78,"41":0,"42":0,"43":0,"44":0,"45":0,"46":0,"47":78,"48":78,"49":78,"50":78,"51":83,"52":83,"53":83,"54":83,"55":20,"56":63,"57":63,"58":63,"59":63,"60":63,"61":63,"62":0,"63":0,"64":78,"65":9,"66":9,"67":9,"68":0,"69":0,"70":78,"71":11,"72":11,"73":11,"74":4,"75":7,"76":0,"77":0,"78":78,"79":15,"80":15,"81":15,"82":15,"83":1,"84":14,"85":14,"86":9,"87":14,"88":3,"89":14,"90":3,"91":14,"92":13,"93":13,"94":2,"95":12,"96":12,"97":8,"98":12,"99":2,"100":12,"101":3,"102":12,"103":12,"104":12,"105":0,"106":0,"107":78,"108":9,"109":9,"110":9,"111":1,"112":8,"113":8,"114":8,"115":8,"116":0,"117":0,"118":78,"119":0,"120":0,"121":0,"122":0,"123":78,"124":0,"125":0,"126":0,"127":0,"128":78,"129":0,"130":0,"131":0,"132":0,"133":78,"134":0,"135":0,"136":0,"137":0,"138":0,"139":0,"140":0,"141":0,"142":0,"143":0,"144":0,"145":0,"146":0,"147":0,"148":78,"149":0,"150":0,"151":0,"152":0,"153":78,"154":0,"155":0,"156":0,"157":0,"158":0,"159":78,"160":0,"161":0,"162":0,"163":0,"164":0,"165":0,"166":0,"167":0,"168":0,"169":0,"170":0,"171":0,"172":0,"173":0,"174":0,"175":0,"176":0,"177":0,"178":0,"179":0,"180":0,"181":0,"182":0,"183":0,"184":0,"185":0,"186":0,"187":0,"188":0,"189":0,"190":78,"191":0,"192":0,"193":0,"194":0,"195":0,"196":0,"197":0,"198":0,"199":0,"200":0,"201":78,"202":78,"203":0,"204":0,"205":0},"f":{"0":78,"1":83,"2":63,"3":87,"4":96,"5":83,"6":9,"7":11,"8":15,"9":9,"10":0,"11":0,"12":0,"13":0,"14":0,"15":0,"16":0,"17":0,"18":0,"19":0,"20":0,"21":0,"22":0,"23":0,"24":0,"25":0,"26":0},"b":{"0":[78,78],"1":[0,78],"2":[5,81],"3":[86,7],"4":[8,88],"5":[96,90,89],"6":[9,87],"7":[96,89,88],"8":[6,81],"9":[1,95],"10":[96,17],"11":[0,78],"12":[0,0],"13":[0,0],"14":[20,63],"15":[10,53],"16":[4,7],"17":[1,14],"18":[9,5],"19":[3,11],"20":[3,11],"21":[13,1],"22":[9,4],"23":[3,10],"24":[3,10],"25":[2,11],"26":[8,4],"27":[2,10],"28":[3,9],"29":[1,8],"30":[0,0],"31":[0,0],"32":[0,0],"33":[0,0],"34":[0,0],"35":[0,0],"36":[0,0],"37":[0,0],"38":[0,0],"39":[0,0],"40":[0,0],"41":[0,0],"42":[0,0],"43":[0,0],"44":[0,0],"45":[0,0],"46":[0,0],"47":[0,0],"48":[0,78]},"_coverageSchema":"1a1c01bbd47fc00a2c39e90264f33305004495a9","hash":"6ef4b720ac70dc999e9a1377445cd9813f5e1956"}
}
