TN:
SF:server.js
FN:41,(anonymous_0)
FN:54,(anonymous_1)
FN:67,(anonymous_2)
FN:82,(anonymous_3)
FN:136,(anonymous_4)
FN:152,(anonymous_5)
FN:170,(anonymous_6)
FN:184,(anonymous_7)
FN:185,(anonymous_8)
FN:204,(anonymous_9)
FN:219,(anonymous_10)
FN:252,(anonymous_11)
FNF:12
FNH:4
FNDA:1,(anonymous_0)
FNDA:1,(anonymous_1)
FNDA:0,(anonymous_2)
FNDA:43,(anonymous_3)
FNDA:1,(anonymous_4)
FNDA:0,(anonymous_5)
FNDA:0,(anonymous_6)
FNDA:0,(anonymous_7)
FNDA:0,(anonymous_8)
FNDA:0,(anonymous_9)
FNDA:0,(anonymous_10)
FNDA:0,(anonymous_11)
DA:1,1
DA:2,1
DA:3,1
DA:4,1
DA:5,1
DA:7,1
DA:8,1
DA:23,1
DA:24,1
DA:25,0
DA:26,0
DA:27,0
DA:28,0
DA:30,0
DA:32,0
DA:36,1
DA:37,1
DA:38,1
DA:41,1
DA:42,1
DA:43,1
DA:44,1
DA:46,0
DA:54,1
DA:55,1
DA:56,1
DA:57,1
DA:59,0
DA:67,1
DA:68,0
DA:69,0
DA:72,0
DA:74,0
DA:82,1
DA:83,43
DA:84,43
DA:86,43
DA:87,2
DA:93,41
DA:97,41
DA:103,31
DA:105,31
DA:111,10
DA:114,10
DA:115,4
DA:121,6
DA:122,2
DA:128,4
DA:136,1
DA:137,1
DA:138,1
DA:139,1
DA:144,0
DA:152,1
DA:153,0
DA:154,0
DA:155,0
DA:160,0
DA:162,0
DA:170,1
DA:171,0
DA:172,0
DA:184,0
DA:185,0
DA:187,0
DA:204,0
DA:219,0
DA:240,0
DA:248,1
DA:251,1
DA:252,0
DA:253,0
DA:254,0
LF:73
LH:44
BRDA:8,0,0,1
BRDA:8,0,1,1
BRDA:24,1,0,0
BRDA:24,1,1,1
BRDA:27,2,0,0
BRDA:27,2,1,0
BRDA:27,3,0,0
BRDA:27,3,1,0
BRDA:86,4,0,2
BRDA:86,4,1,41
BRDA:86,5,0,43
BRDA:86,5,1,43
BRDA:114,6,0,4
BRDA:114,6,1,6
BRDA:121,7,0,2
BRDA:121,7,1,4
BRDA:124,8,0,2
BRDA:124,8,1,0
BRDA:184,9,0,0
BRDA:184,9,1,0
BRDA:185,10,0,0
BRDA:185,10,1,0
BRDA:195,11,0,0
BRDA:195,11,1,0
BRDA:208,12,0,0
BRDA:208,12,1,0
BRDA:209,13,0,0
BRDA:209,13,1,0
BRDA:210,14,0,0
BRDA:210,14,1,0
BRDA:211,15,0,0
BRDA:211,15,1,0
BRDA:212,16,0,0
BRDA:212,16,1,0
BRDA:217,17,0,0
BRDA:217,17,1,0
BRDA:251,18,0,0
BRDA:251,18,1,1
BRF:38
BRH:13
end_of_record
