TN:
SF:server.js
FN:26,loadInstances
FN:42,saveInstances
FN:53,generateId
FN:60,validateInstanceUrl
FN:75,validateInstanceData
FN:159,(anonymous_5)
FN:210,(anonymous_6)
FN:240,(anonymous_7)
FN:282,(anonymous_8)
FN:346,(anonymous_9)
FN:380,(anonymous_10)
FN:393,(anonymous_11)
FN:406,(anonymous_12)
FN:421,(anonymous_13)
FN:475,(anonymous_14)
FN:491,(anonymous_15)
FN:509,(anonymous_16)
FN:537,(anonymous_17)
FN:539,(anonymous_18)
FN:558,(anonymous_19)
FN:565,(anonymous_20)
FN:587,(anonymous_21)
FN:601,(anonymous_22)
FN:602,(anonymous_23)
FN:621,(anonymous_24)
FN:636,(anonymous_25)
FN:669,(anonymous_26)
FNF:27
FNH:10
FNDA:78,loadInstances
FNDA:83,saveInstances
FNDA:63,generateId
FNDA:87,validateInstanceUrl
FNDA:96,validateInstanceData
FNDA:83,(anonymous_5)
FNDA:9,(anonymous_6)
FNDA:11,(anonymous_7)
FNDA:15,(anonymous_8)
FNDA:9,(anonymous_9)
FNDA:0,(anonymous_10)
FNDA:0,(anonymous_11)
FNDA:0,(anonymous_12)
FNDA:0,(anonymous_13)
FNDA:0,(anonymous_14)
FNDA:0,(anonymous_15)
FNDA:0,(anonymous_16)
FNDA:0,(anonymous_17)
FNDA:0,(anonymous_18)
FNDA:0,(anonymous_19)
FNDA:0,(anonymous_20)
FNDA:0,(anonymous_21)
FNDA:0,(anonymous_22)
FNDA:0,(anonymous_23)
FNDA:0,(anonymous_24)
FNDA:0,(anonymous_25)
FNDA:0,(anonymous_26)
DA:1,78
DA:2,78
DA:3,78
DA:4,78
DA:5,78
DA:6,78
DA:8,78
DA:9,78
DA:15,78
DA:21,78
DA:27,78
DA:28,78
DA:29,0
DA:30,0
DA:31,0
DA:34,0
DA:35,0
DA:43,83
DA:44,83
DA:46,0
DA:54,63
DA:61,87
DA:62,87
DA:63,86
DA:64,5
DA:66,81
DA:68,1
DA:76,96
DA:78,96
DA:79,8
DA:82,96
DA:83,9
DA:85,87
DA:86,87
DA:87,6
DA:91,96
DA:92,1
DA:95,96
DA:102,78
DA:117,78
DA:118,78
DA:119,0
DA:120,0
DA:121,0
DA:122,0
DA:124,0
DA:126,0
DA:130,78
DA:131,78
DA:132,78
DA:159,78
DA:160,83
DA:161,83
DA:164,83
DA:165,83
DA:166,20
DA:173,63
DA:174,63
DA:175,63
DA:184,63
DA:185,63
DA:187,63
DA:189,0
DA:190,0
DA:210,78
DA:211,9
DA:212,9
DA:213,9
DA:218,0
DA:219,0
DA:240,78
DA:241,11
DA:242,11
DA:244,11
DA:245,4
DA:251,7
DA:253,0
DA:254,0
DA:282,78
DA:283,15
DA:284,15
DA:285,15
DA:287,15
DA:288,1
DA:295,14
DA:296,14
DA:297,14
DA:298,14
DA:301,14
DA:302,13
DA:308,13
DA:309,2
DA:317,12
DA:318,12
DA:319,12
DA:320,12
DA:321,12
DA:323,12
DA:325,12
DA:327,0
DA:328,0
DA:346,78
DA:347,9
DA:348,9
DA:350,9
DA:351,1
DA:357,8
DA:358,8
DA:359,8
DA:361,8
DA:367,0
DA:368,0
DA:380,78
DA:381,0
DA:382,0
DA:383,0
DA:385,0
DA:393,78
DA:394,0
DA:395,0
DA:396,0
DA:398,0
DA:406,78
DA:407,0
DA:408,0
DA:411,0
DA:413,0
DA:421,78
DA:422,0
DA:423,0
DA:425,0
DA:426,0
DA:432,0
DA:436,0
DA:442,0
DA:444,0
DA:450,0
DA:453,0
DA:454,0
DA:460,0
DA:461,0
DA:467,0
DA:475,78
DA:476,0
DA:477,0
DA:478,0
DA:483,0
DA:491,78
DA:492,0
DA:493,0
DA:494,0
DA:499,0
DA:501,0
DA:509,78
DA:510,0
DA:511,0
DA:514,0
DA:515,0
DA:522,0
DA:523,0
DA:524,0
DA:525,0
DA:528,0
DA:537,0
DA:538,0
DA:539,0
DA:541,0
DA:542,0
DA:545,0
DA:548,0
DA:549,0
DA:553,0
DA:558,0
DA:559,0
DA:560,0
DA:561,0
DA:565,0
DA:566,0
DA:570,0
DA:573,0
DA:574,0
DA:581,0
DA:582,0
DA:587,78
DA:588,0
DA:589,0
DA:601,0
DA:602,0
DA:604,0
DA:621,0
DA:636,0
DA:657,0
DA:665,78
DA:668,78
DA:669,0
DA:670,0
DA:671,0
LF:197
LH:100
BRDA:9,0,0,78
BRDA:9,0,1,78
BRDA:28,1,0,0
BRDA:28,1,1,78
BRDA:63,2,0,5
BRDA:63,2,1,81
BRDA:63,3,0,86
BRDA:63,3,1,7
BRDA:78,4,0,8
BRDA:78,4,1,88
BRDA:78,5,0,96
BRDA:78,5,1,90
BRDA:78,5,2,89
BRDA:82,6,0,9
BRDA:82,6,1,87
BRDA:82,7,0,96
BRDA:82,7,1,89
BRDA:82,7,2,88
BRDA:86,8,0,6
BRDA:86,8,1,81
BRDA:91,9,0,1
BRDA:91,9,1,95
BRDA:91,10,0,96
BRDA:91,10,1,17
BRDA:118,11,0,0
BRDA:118,11,1,78
BRDA:121,12,0,0
BRDA:121,12,1,0
BRDA:121,13,0,0
BRDA:121,13,1,0
BRDA:165,14,0,20
BRDA:165,14,1,63
BRDA:179,15,0,10
BRDA:179,15,1,53
BRDA:244,16,0,4
BRDA:244,16,1,7
BRDA:287,17,0,1
BRDA:287,17,1,14
BRDA:296,18,0,9
BRDA:296,18,1,5
BRDA:297,19,0,3
BRDA:297,19,1,11
BRDA:298,20,0,3
BRDA:298,20,1,11
BRDA:301,21,0,13
BRDA:301,21,1,1
BRDA:303,22,0,9
BRDA:303,22,1,4
BRDA:304,23,0,3
BRDA:304,23,1,10
BRDA:305,24,0,3
BRDA:305,24,1,10
BRDA:308,25,0,2
BRDA:308,25,1,11
BRDA:318,26,0,8
BRDA:318,26,1,4
BRDA:319,27,0,2
BRDA:319,27,1,10
BRDA:320,28,0,3
BRDA:320,28,1,9
BRDA:350,29,0,1
BRDA:350,29,1,8
BRDA:425,30,0,0
BRDA:425,30,1,0
BRDA:425,31,0,0
BRDA:425,31,1,0
BRDA:453,32,0,0
BRDA:453,32,1,0
BRDA:460,33,0,0
BRDA:460,33,1,0
BRDA:463,34,0,0
BRDA:463,34,1,0
BRDA:514,35,0,0
BRDA:514,35,1,0
BRDA:514,36,0,0
BRDA:514,36,1,0
BRDA:548,37,0,0
BRDA:548,37,1,0
BRDA:573,38,0,0
BRDA:573,38,1,0
BRDA:601,39,0,0
BRDA:601,39,1,0
BRDA:602,40,0,0
BRDA:602,40,1,0
BRDA:612,41,0,0
BRDA:612,41,1,0
BRDA:625,42,0,0
BRDA:625,42,1,0
BRDA:626,43,0,0
BRDA:626,43,1,0
BRDA:627,44,0,0
BRDA:627,44,1,0
BRDA:628,45,0,0
BRDA:628,45,1,0
BRDA:629,46,0,0
BRDA:629,46,1,0
BRDA:634,47,0,0
BRDA:634,47,1,0
BRDA:668,48,0,0
BRDA:668,48,1,78
BRF:100
BRH:57
end_of_record
